Build started 4/19/2013 11:35:38 AM.
     1>Project "C:\Users\dustin\Desktop\Current Projects\starcraft-ai-2013\BWSAL_0.9.12\BasicAIModule\BasicAIModule.vcxproj" on node 2 (Rebuild target(s)).
     1>ClCompile:
         C:\Program Files (x86)\Microsoft Visual Studio 9.0\VC\bin\CL.exe /c /I../include /Zi /nologo /W3 /WX- /O2 /Oi /Oy- /GL /D WIN32 /D NDEBUG /D _WINDOWS /D _USRDLL /D EXAMPLEAIMODULE_EXPORTS /D _WINDLL /D _UNICODE /D UNICODE /Gm- /EHsc /MD /GS /Gy /fp:precise /Zc:wchar_t /Zc:forScope /Fo"Release\\" /Fd"Release\vc90.pdb" /Gd /TP /analyze- /errorReport:prompt ..\Addons\Assignment.cpp ChokePointAdvisor.cpp ChokePriority.cpp PositionAdvisor.cpp SlowPushManager.cpp Source\ComSatManager.cpp Source\DebugPrinter.cpp Source\GoalManager.cpp ArmyManager.cpp GoalManager.cpp MacroManager.cpp Source\StrategyGoal.cpp SpiderMineManager.cpp Squad.cpp SquadManager.cpp StrategyManager.cpp Source\BasicAIModule.cpp Source\Dll.cpp ..\Addons\EnhancedUI.cpp ..\Addons\Util.cpp ..\Addons\WorkerManager.cpp ..\Addons\Base.cpp ..\Addons\BaseManager.cpp ..\Addons\BorderManager.cpp ..\Addons\BuildingPlacer.cpp ..\Addons\BuildManager.cpp ..\Addons\BuildOrderManager.cpp ..\Addons\MetaUnit.cpp ..\Addons\UnitItem.cpp ..\Addons\ConstructionManager.cpp ..\Addons\DefenseManager.cpp ..\Addons\InformationManager.cpp ..\Addons\MorphManager.cpp ..\Addons\ProductionManager.cpp ..\Addons\ScoutManager.cpp ..\Addons\SupplyManager.cpp ..\Addons\TechManager.cpp ..\Addons\UnitGroup.cpp ..\Addons\UnitGroupManager.cpp ..\Addons\UpgradeManager.cpp Source\Zeus.cpp VultureSpiderMineManager.cpp
         Assignment.cpp
         ChokePointAdvisor.cpp
         ChokePriority.cpp
         PositionAdvisor.cpp
     1>PositionAdvisor.cpp(10): warning C4018: '<' : signed/unsigned mismatch
     1>PositionAdvisor.cpp(17): warning C4018: '<' : signed/unsigned mismatch
     1>PositionAdvisor.cpp(104): warning C4244: 'initializing' : conversion from 'double' to 'int', possible loss of data
     1>PositionAdvisor.cpp(114): warning C4244: 'return' : conversion from 'double' to 'int', possible loss of data
         SlowPushManager.cpp
         ComSatManager.cpp
         DebugPrinter.cpp
         GoalManager.cpp
         ArmyManager.cpp
         GoalManager.cpp
         MacroManager.cpp
         StrategyGoal.cpp
         SpiderMineManager.cpp
         Squad.cpp
         SquadManager.cpp
         StrategyManager.cpp
         BasicAIModule.cpp
         Dll.cpp
         EnhancedUI.cpp
         Util.cpp
         Compiling...
         WorkerManager.cpp
         Base.cpp
         BaseManager.cpp
         BorderManager.cpp
         BuildingPlacer.cpp
         BuildManager.cpp
         BuildOrderManager.cpp
         MetaUnit.cpp
         UnitItem.cpp
         ConstructionManager.cpp
         DefenseManager.cpp
         InformationManager.cpp
         MorphManager.cpp
         ProductionManager.cpp
         ScoutManager.cpp
         SupplyManager.cpp
         TechManager.cpp
         UnitGroup.cpp
         UnitGroupManager.cpp
         UpgradeManager.cpp
         Compiling...
         Zeus.cpp
         VultureSpiderMineManager.cpp
       Link:
         C:\Program Files (x86)\Microsoft Visual Studio 9.0\VC\bin\link.exe /ERRORREPORT:PROMPT /OUT:"C:\Users\dustin\Desktop\Current Projects\starcraft-ai-2013\BWSAL_0.9.12\Release\BasicAIModule.dll" /INCREMENTAL:NO /NOLOGO ../lib/BWAPI.lib ../lib/BWTA.lib ../lib/tinyxml.lib "../lib/CGAL-vc90-mt.lib" "../lib/libboost_thread-vc90-mt-1_40.lib" "../lib/gmp-vc90-mt.lib" "../lib/mpfr-vc90-mt.lib" kernel32.lib user32.lib gdi32.lib winspool.lib comdlg32.lib advapi32.lib shell32.lib ole32.lib oleaut32.lib uuid.lib odbc32.lib odbccp32.lib /MANIFEST /ManifestFile:"Release\BasicAIModule.dll.intermediate.manifest" /MANIFESTUAC:"level='asInvoker' uiAccess='false'" /DEBUG /PDB:"C:\Users\dustin\Desktop\Current Projects\starcraft-ai-2013\BWSAL_0.9.12\Release\BasicAIModule.pdb" /SUBSYSTEM:WINDOWS /OPT:REF /OPT:ICF /LTCG /TLBID:1 /DYNAMICBASE /NXCOMPAT /IMPLIB:"C:\Users\dustin\Desktop\Current Projects\starcraft-ai-2013\BWSAL_0.9.12\Release\BasicAIModule.lib" /MACHINE:X86 /DLL Release\Assignment.obj
         Release\ChokePointAdvisor.obj
         Release\ChokePriority.obj
         Release\PositionAdvisor.obj
         Release\SlowPushManager.obj
         Release\ComSatManager.obj
         Release\DebugPrinter.obj
         Release\GoalManager.obj
         Release\ArmyManager.obj
         Release\GoalManager.obj
         Release\MacroManager.obj
         Release\StrategyGoal.obj
         Release\SpiderMineManager.obj
         Release\Squad.obj
         Release\SquadManager.obj
         Release\StrategyManager.obj
         Release\BasicAIModule.obj
         Release\Dll.obj
         Release\EnhancedUI.obj
         Release\Util.obj
         Release\WorkerManager.obj
         Release\Base.obj
         Release\BaseManager.obj
         Release\BorderManager.obj
         Release\BuildingPlacer.obj
         Release\BuildManager.obj
         Release\BuildOrderManager.obj
         Release\MetaUnit.obj
         Release\UnitItem.obj
         Release\ConstructionManager.obj
         Release\DefenseManager.obj
         Release\InformationManager.obj
         Release\MorphManager.obj
         Release\ProductionManager.obj
         Release\ScoutManager.obj
         Release\SupplyManager.obj
         Release\TechManager.obj
         Release\UnitGroup.obj
         Release\UnitGroupManager.obj
         Release\UpgradeManager.obj
         Release\Zeus.obj
         Release\VultureSpiderMineManager.obj
     1>Release\GoalManager.obj : warning LNK4042: object specified more than once; extras ignored
            Creating library C:\Users\dustin\Desktop\Current Projects\starcraft-ai-2013\BWSAL_0.9.12\Release\BasicAIModule.lib and object C:\Users\dustin\Desktop\Current Projects\starcraft-ai-2013\BWSAL_0.9.12\Release\BasicAIModule.exp
     1>LINK : warning LNK4098: defaultlib 'LIBCMT' conflicts with use of other libs; use /NODEFAULTLIB:library
         Generating code
         Finished generating code
         BasicAIModule.vcxproj -> C:\Users\dustin\Desktop\Current Projects\starcraft-ai-2013\BWSAL_0.9.12\Release\BasicAIModule.dll
       Manifest:
         C:\Program Files\Microsoft SDKs\Windows\v6.0A\bin\mt.exe /nologo /verbose /outputresource:"C:\Users\dustin\Desktop\Current Projects\starcraft-ai-2013\BWSAL_0.9.12\Release\BasicAIModule.dll;#2" /manifest Release\BasicAIModule.dll.intermediate.manifest
       PostBuildEvent:
         copy "C:\Users\dustin\Desktop\Current Projects\starcraft-ai-2013\BWSAL_0.9.12\Release\BasicAIModule.dll" "C:\Program Files (x86)\Starcraft\BWAPI 3.7.4\..\bwapi-data\AI\BasicAIModule.dll"
         :VCEnd
                 1 file(s) copied.
     1>Done Building Project "C:\Users\dustin\Desktop\Current Projects\starcraft-ai-2013\BWSAL_0.9.12\BasicAIModule\BasicAIModule.vcxproj" (Rebuild target(s)).

Build succeeded.

Time Elapsed 00:00:18.23
