C:\Users\dustin\Documents\GitHub\luscbwai\BWSAL_0.9.12\Release\BasicAIModule.lib
C:\Users\dustin\Documents\GitHub\luscbwai\BWSAL_0.9.12\Release\BasicAIModule.exp
C:\USERS\DUSTIN\DOCUMENTS\GITHUB\LUSCBWAI\BWSAL_0.9.12\BASICAIMODULE\RELEASE\UTIL.OBJ
C:\USERS\DUSTIN\DOCUMENTS\GITHUB\LUSCBWAI\BWSAL_0.9.12\BASICAIMODULE\RELEASE\ENHANCEDUI.OBJ
C:\USERS\DUSTIN\DOCUMENTS\GITHUB\LUSCBWAI\BWSAL_0.9.12\BASICAIMODULE\RELEASE\DLL.OBJ
C:\USERS\DUSTIN\DOCUMENTS\GITHUB\LUSCBWAI\BWSAL_0.9.12\BASICAIMODULE\RELEASE\BASICAIMODULE.OBJ
C:\USERS\DUSTIN\DOCUMENTS\GITHUB\LUSCBWAI\BWSAL_0.9.12\BASICAIMODULE\RELEASE\STRATEGYMANAGER.OBJ
C:\USERS\DUSTIN\DOCUMENTS\GITHUB\LUSCBWAI\BWSAL_0.9.12\BASICAIMODULE\RELEASE\SQUADMANAGER.OBJ
C:\USERS\DUSTIN\DOCUMENTS\GITHUB\LUSCBWAI\BWSAL_0.9.12\BASICAIMODULE\RELEASE\SQUAD.OBJ
C:\USERS\DUSTIN\DOCUMENTS\GITHUB\LUSCBWAI\BWSAL_0.9.12\BASICAIMODULE\RELEASE\SPIDERMINEMANAGER.OBJ
C:\USERS\DUSTIN\DOCUMENTS\GITHUB\LUSCBWAI\BWSAL_0.9.12\BASICAIMODULE\RELEASE\STRATEGYGOAL.OBJ
C:\USERS\DUSTIN\DOCUMENTS\GITHUB\LUSCBWAI\BWSAL_0.9.12\BASICAIMODULE\RELEASE\MACROMANAGER.OBJ
C:\USERS\DUSTIN\DOCUMENTS\GITHUB\LUSCBWAI\BWSAL_0.9.12\BASICAIMODULE\RELEASE\GOALMANAGER.OBJ
C:\USERS\DUSTIN\DOCUMENTS\GITHUB\LUSCBWAI\BWSAL_0.9.12\BASICAIMODULE\RELEASE\ARMYMANAGER.OBJ
C:\USERS\DUSTIN\DOCUMENTS\GITHUB\LUSCBWAI\BWSAL_0.9.12\BASICAIMODULE\RELEASE\DEBUGPRINTER.OBJ
C:\USERS\DUSTIN\DOCUMENTS\GITHUB\LUSCBWAI\BWSAL_0.9.12\BASICAIMODULE\RELEASE\COMSATMANAGER.OBJ
C:\USERS\DUSTIN\DOCUMENTS\GITHUB\LUSCBWAI\BWSAL_0.9.12\BASICAIMODULE\RELEASE\SLOWPUSHMANAGER.OBJ
C:\USERS\DUSTIN\DOCUMENTS\GITHUB\LUSCBWAI\BWSAL_0.9.12\BASICAIMODULE\RELEASE\POSITIONADVISOR.OBJ
C:\USERS\DUSTIN\DOCUMENTS\GITHUB\LUSCBWAI\BWSAL_0.9.12\BASICAIMODULE\RELEASE\CHOKEPRIORITY.OBJ
C:\USERS\DUSTIN\DOCUMENTS\GITHUB\LUSCBWAI\BWSAL_0.9.12\BASICAIMODULE\RELEASE\CHOKEPOINTADVISOR.OBJ
C:\USERS\DUSTIN\DOCUMENTS\GITHUB\LUSCBWAI\BWSAL_0.9.12\BASICAIMODULE\RELEASE\ASSIGNMENT.OBJ
C:\USERS\DUSTIN\DOCUMENTS\GITHUB\LUSCBWAI\BWSAL_0.9.12\BASICAIMODULE\RELEASE\UPGRADEMANAGER.OBJ
C:\USERS\DUSTIN\DOCUMENTS\GITHUB\LUSCBWAI\BWSAL_0.9.12\BASICAIMODULE\RELEASE\UNITGROUPMANAGER.OBJ
C:\USERS\DUSTIN\DOCUMENTS\GITHUB\LUSCBWAI\BWSAL_0.9.12\BASICAIMODULE\RELEASE\UNITGROUP.OBJ
C:\USERS\DUSTIN\DOCUMENTS\GITHUB\LUSCBWAI\BWSAL_0.9.12\BASICAIMODULE\RELEASE\TECHMANAGER.OBJ
C:\USERS\DUSTIN\DOCUMENTS\GITHUB\LUSCBWAI\BWSAL_0.9.12\BASICAIMODULE\RELEASE\SUPPLYMANAGER.OBJ
C:\USERS\DUSTIN\DOCUMENTS\GITHUB\LUSCBWAI\BWSAL_0.9.12\BASICAIMODULE\RELEASE\SCOUTMANAGER.OBJ
C:\USERS\DUSTIN\DOCUMENTS\GITHUB\LUSCBWAI\BWSAL_0.9.12\BASICAIMODULE\RELEASE\PRODUCTIONMANAGER.OBJ
C:\USERS\DUSTIN\DOCUMENTS\GITHUB\LUSCBWAI\BWSAL_0.9.12\BASICAIMODULE\RELEASE\MORPHMANAGER.OBJ
C:\USERS\DUSTIN\DOCUMENTS\GITHUB\LUSCBWAI\BWSAL_0.9.12\BASICAIMODULE\RELEASE\INFORMATIONMANAGER.OBJ
C:\USERS\DUSTIN\DOCUMENTS\GITHUB\LUSCBWAI\BWSAL_0.9.12\BASICAIMODULE\RELEASE\DEFENSEMANAGER.OBJ
C:\USERS\DUSTIN\DOCUMENTS\GITHUB\LUSCBWAI\BWSAL_0.9.12\BASICAIMODULE\RELEASE\CONSTRUCTIONMANAGER.OBJ
C:\USERS\DUSTIN\DOCUMENTS\GITHUB\LUSCBWAI\BWSAL_0.9.12\BASICAIMODULE\RELEASE\UNITITEM.OBJ
C:\USERS\DUSTIN\DOCUMENTS\GITHUB\LUSCBWAI\BWSAL_0.9.12\BASICAIMODULE\RELEASE\METAUNIT.OBJ
C:\USERS\DUSTIN\DOCUMENTS\GITHUB\LUSCBWAI\BWSAL_0.9.12\BASICAIMODULE\RELEASE\BUILDORDERMANAGER.OBJ
C:\USERS\DUSTIN\DOCUMENTS\GITHUB\LUSCBWAI\BWSAL_0.9.12\BASICAIMODULE\RELEASE\BUILDMANAGER.OBJ
C:\USERS\DUSTIN\DOCUMENTS\GITHUB\LUSCBWAI\BWSAL_0.9.12\BASICAIMODULE\RELEASE\BUILDINGPLACER.OBJ
C:\USERS\DUSTIN\DOCUMENTS\GITHUB\LUSCBWAI\BWSAL_0.9.12\BASICAIMODULE\RELEASE\BORDERMANAGER.OBJ
C:\USERS\DUSTIN\DOCUMENTS\GITHUB\LUSCBWAI\BWSAL_0.9.12\BASICAIMODULE\RELEASE\BASEMANAGER.OBJ
C:\USERS\DUSTIN\DOCUMENTS\GITHUB\LUSCBWAI\BWSAL_0.9.12\BASICAIMODULE\RELEASE\BASE.OBJ
C:\USERS\DUSTIN\DOCUMENTS\GITHUB\LUSCBWAI\BWSAL_0.9.12\BASICAIMODULE\RELEASE\WORKERMANAGER.OBJ
C:\USERS\DUSTIN\DOCUMENTS\GITHUB\LUSCBWAI\BWSAL_0.9.12\BASICAIMODULE\RELEASE\VULTURESPIDERMINEMANAGER.OBJ
C:\USERS\DUSTIN\DOCUMENTS\GITHUB\LUSCBWAI\BWSAL_0.9.12\BASICAIMODULE\RELEASE\ZEUS.OBJ
C:\USERS\DUSTIN\DOCUMENTS\GITHUB\LUSCBWAI\BWSAL_0.9.12\BASICAIMODULE\RELEASE\VC90.PDB
C:\USERS\DUSTIN\DOCUMENTS\GITHUB\LUSCBWAI\BWSAL_0.9.12\RELEASE\BASICAIMODULE.DLL
C:\USERS\DUSTIN\DOCUMENTS\GITHUB\LUSCBWAI\BWSAL_0.9.12\BASICAIMODULE\RELEASE\BASICAIMODULE.DLL.INTERMEDIATE.MANIFEST
C:\USERS\DUSTIN\DOCUMENTS\GITHUB\LUSCBWAI\BWSAL_0.9.12\RELEASE\BASICAIMODULE.PDB
C:\Users\dustin\Documents\GitHub\luscbwai\BWSAL_0.9.12\BasicAIModule\Release\ArmyManager.obj
C:\Users\dustin\Documents\GitHub\luscbwai\BWSAL_0.9.12\BasicAIModule\Release\Assignment.obj
C:\Users\dustin\Documents\GitHub\luscbwai\BWSAL_0.9.12\BasicAIModule\Release\Base.obj
C:\Users\dustin\Documents\GitHub\luscbwai\BWSAL_0.9.12\BasicAIModule\Release\BaseManager.obj
C:\Users\dustin\Documents\GitHub\luscbwai\BWSAL_0.9.12\BasicAIModule\Release\BasicAIModule.obj
C:\Users\dustin\Documents\GitHub\luscbwai\BWSAL_0.9.12\BasicAIModule\Release\BorderManager.obj
C:\Users\dustin\Documents\GitHub\luscbwai\BWSAL_0.9.12\BasicAIModule\Release\BuildingPlacer.obj
C:\Users\dustin\Documents\GitHub\luscbwai\BWSAL_0.9.12\BasicAIModule\Release\BuildManager.obj
C:\Users\dustin\Documents\GitHub\luscbwai\BWSAL_0.9.12\BasicAIModule\Release\BuildOrderManager.obj
C:\Users\dustin\Documents\GitHub\luscbwai\BWSAL_0.9.12\BasicAIModule\Release\ChokePointAdvisor.obj
C:\Users\dustin\Documents\GitHub\luscbwai\BWSAL_0.9.12\BasicAIModule\Release\ChokePriority.obj
C:\Users\dustin\Documents\GitHub\luscbwai\BWSAL_0.9.12\BasicAIModule\Release\ComSatManager.obj
C:\Users\dustin\Documents\GitHub\luscbwai\BWSAL_0.9.12\BasicAIModule\Release\ConstructionManager.obj
C:\Users\dustin\Documents\GitHub\luscbwai\BWSAL_0.9.12\BasicAIModule\Release\DebugPrinter.obj
C:\Users\dustin\Documents\GitHub\luscbwai\BWSAL_0.9.12\BasicAIModule\Release\DefenseManager.obj
C:\Users\dustin\Documents\GitHub\luscbwai\BWSAL_0.9.12\BasicAIModule\Release\Dll.obj
C:\Users\dustin\Documents\GitHub\luscbwai\BWSAL_0.9.12\BasicAIModule\Release\EnhancedUI.obj
C:\Users\dustin\Documents\GitHub\luscbwai\BWSAL_0.9.12\BasicAIModule\Release\GoalManager.obj
C:\Users\dustin\Documents\GitHub\luscbwai\BWSAL_0.9.12\BasicAIModule\Release\InformationManager.obj
C:\Users\dustin\Documents\GitHub\luscbwai\BWSAL_0.9.12\BasicAIModule\Release\MacroManager.obj
C:\Users\dustin\Documents\GitHub\luscbwai\BWSAL_0.9.12\BasicAIModule\Release\MetaUnit.obj
C:\Users\dustin\Documents\GitHub\luscbwai\BWSAL_0.9.12\BasicAIModule\Release\MorphManager.obj
C:\Users\dustin\Documents\GitHub\luscbwai\BWSAL_0.9.12\BasicAIModule\Release\PositionAdvisor.obj
C:\Users\dustin\Documents\GitHub\luscbwai\BWSAL_0.9.12\BasicAIModule\Release\ProductionManager.obj
C:\Users\dustin\Documents\GitHub\luscbwai\BWSAL_0.9.12\BasicAIModule\Release\ScoutManager.obj
C:\Users\dustin\Documents\GitHub\luscbwai\BWSAL_0.9.12\BasicAIModule\Release\SlowPushManager.obj
C:\Users\dustin\Documents\GitHub\luscbwai\BWSAL_0.9.12\BasicAIModule\Release\SpiderMineManager.obj
C:\Users\dustin\Documents\GitHub\luscbwai\BWSAL_0.9.12\BasicAIModule\Release\Squad.obj
C:\Users\dustin\Documents\GitHub\luscbwai\BWSAL_0.9.12\BasicAIModule\Release\SquadManager.obj
C:\Users\dustin\Documents\GitHub\luscbwai\BWSAL_0.9.12\BasicAIModule\Release\StrategyGoal.obj
C:\Users\dustin\Documents\GitHub\luscbwai\BWSAL_0.9.12\BasicAIModule\Release\StrategyManager.obj
C:\Users\dustin\Documents\GitHub\luscbwai\BWSAL_0.9.12\BasicAIModule\Release\SupplyManager.obj
C:\Users\dustin\Documents\GitHub\luscbwai\BWSAL_0.9.12\BasicAIModule\Release\TechManager.obj
C:\Users\dustin\Documents\GitHub\luscbwai\BWSAL_0.9.12\BasicAIModule\Release\UnitGroup.obj
C:\Users\dustin\Documents\GitHub\luscbwai\BWSAL_0.9.12\BasicAIModule\Release\UnitGroupManager.obj
C:\Users\dustin\Documents\GitHub\luscbwai\BWSAL_0.9.12\BasicAIModule\Release\UnitItem.obj
C:\Users\dustin\Documents\GitHub\luscbwai\BWSAL_0.9.12\BasicAIModule\Release\UpgradeManager.obj
C:\Users\dustin\Documents\GitHub\luscbwai\BWSAL_0.9.12\BasicAIModule\Release\Util.obj
C:\Users\dustin\Documents\GitHub\luscbwai\BWSAL_0.9.12\BasicAIModule\Release\VultureSpiderMineManager.obj
C:\Users\dustin\Documents\GitHub\luscbwai\BWSAL_0.9.12\BasicAIModule\Release\WorkerManager.obj
C:\Users\dustin\Documents\GitHub\luscbwai\BWSAL_0.9.12\BasicAIModule\Release\Zeus.obj
C:\Users\dustin\Documents\GitHub\luscbwai\BWSAL_0.9.12\BasicAIModule\Release\BasicAIModule.write.1.tlog
C:\Users\dustin\Documents\GitHub\luscbwai\BWSAL_0.9.12\BasicAIModule\Release\cl.command.1.tlog
C:\Users\dustin\Documents\GitHub\luscbwai\BWSAL_0.9.12\BasicAIModule\Release\CL.read.1.tlog
C:\Users\dustin\Documents\GitHub\luscbwai\BWSAL_0.9.12\BasicAIModule\Release\CL.write.1.tlog
C:\Users\dustin\Documents\GitHub\luscbwai\BWSAL_0.9.12\BasicAIModule\Release\link.command.1.tlog
C:\Users\dustin\Documents\GitHub\luscbwai\BWSAL_0.9.12\BasicAIModule\Release\link.read.1.tlog
C:\Users\dustin\Documents\GitHub\luscbwai\BWSAL_0.9.12\BasicAIModule\Release\link.write.1.tlog
C:\Users\dustin\Documents\GitHub\luscbwai\BWSAL_0.9.12\BasicAIModule\Release\mt.command.1.tlog
C:\Users\dustin\Documents\GitHub\luscbwai\BWSAL_0.9.12\BasicAIModule\Release\mt.read.1.tlog
C:\Users\dustin\Documents\GitHub\luscbwai\BWSAL_0.9.12\BasicAIModule\Release\mt.write.1.tlog
C:\Users\dustin\Documents\GitHub\luscbwai\BWSAL_0.9.12\BasicAIModule\Release\BasicAIModule.dll.intermediate.manifest
C:\Users\dustin\Documents\GitHub\luscbwai\BWSAL_0.9.12\BasicAIModule\Release\vc90.pdb
C:\Users\dustin\Documents\GitHub\luscbwai\BWSAL_0.9.12\Release\BasicAIModule.pdb
C:\Users\dustin\Documents\GitHub\luscbwai\BWSAL_0.9.12\Release\BasicAIModule.dll
